Using pre-set license
Built from '2022.1/staging' branch; Version is '2022.1.0b10 (ae8cd2bb2a22) revision 11439314'; Using compiler version '192829333'; Build Type 'Release'
OS: 'Windows 11  (10.0.22000) 64bit Professional' Language: 'pt' Physical Memory: 16312 MB
BatchMode: 1, IsHumanControllingUs: 0, StartBugReporterOnCrash: 0, Is64bit: 1, IsPro: 1

COMMAND LINE ARGUMENTS:
C:\Program Files\Unity\Hub\Editor\2022.1.0b10\Editor\Unity.exe
-adb2
-batchMode
-noUpm
-name
AssetImportWorker2
-projectPath
C:/Users/Noah & Luiza/Desktop/Unity parte 1
-logFile
Logs/AssetImportWorker2.log
-srvPort
58128
Successfully changed project path to: C:/Users/Noah & Luiza/Desktop/Unity parte 1
C:/Users/Noah & Luiza/Desktop/Unity parte 1
[UnityMemory] Configuration Parameters - Can be set up in boot.config
    "memorysetup-bucket-allocator-granularity=16"
    "memorysetup-bucket-allocator-bucket-count=8"
    "memorysetup-bucket-allocator-block-size=33554432"
    "memorysetup-bucket-allocator-block-count=8"
    "memorysetup-main-allocator-block-size=16777216"
    "memorysetup-thread-allocator-block-size=16777216"
    "memorysetup-gfx-main-allocator-block-size=16777216"
    "memorysetup-gfx-thread-allocator-block-size=16777216"
    "memorysetup-cache-allocator-block-size=4194304"
    "memorysetup-typetree-allocator-block-size=2097152"
    "memorysetup-profiler-bucket-allocator-granularity=16"
    "memorysetup-profiler-bucket-allocator-bucket-count=8"
    "memorysetup-profiler-bucket-allocator-block-size=33554432"
    "memorysetup-profiler-bucket-allocator-block-count=8"
    "memorysetup-profiler-allocator-block-size=16777216"
    "memorysetup-profiler-editor-allocator-block-size=1048576"
    "memorysetup-temp-allocator-size-main=16777216"
    "memorysetup-job-temp-allocator-block-size=2097152"
    "memorysetup-job-temp-allocator-block-size-background=1048576"
    "memorysetup-job-temp-allocator-reduction-small-platforms=262144"
    "memorysetup-temp-allocator-size-background-worker=32768"
    "memorysetup-temp-allocator-size-job-worker=262144"
    "memorysetup-temp-allocator-size-preload-manager=33554432"
    "memorysetup-temp-allocator-size-nav-mesh-worker=65536"
    "memorysetup-temp-allocator-size-audio-worker=65536"
    "memorysetup-temp-allocator-size-cloud-worker=32768"
    "memorysetup-temp-allocator-size-gi-baking-worker=262144"
    "memorysetup-temp-allocator-size-gfx=262144"
Refreshing native plugins compatible for Editor in 109.50 ms, found 3 plugins.
Preloading 0 native plugins for Editor in 0.00 ms.
Initialize engine version: 2022.1.0b10 (ae8cd2bb2a22)
[Subsystems] Discovering subsystems at path C:/Program Files/Unity/Hub/Editor/2022.1.0b10/Editor/Data/Resources/UnitySubsystems
[Subsystems] Discovering subsystems at path C:/Users/Noah & Luiza/Desktop/Unity parte 1/Assets
GfxDevice: creating device client; threaded=0; jobified=0
Direct3D:
    Version:  Direct3D 11.0 [level 11.1]
    Renderer: NVIDIA GeForce RTX 2060 (ID=0x1f08)
    Vendor:   NVIDIA
    VRAM:     5980 MB
    Driver:   27.21.14.5671
Initialize mono
Mono path[0] = 'C:/Program Files/Unity/Hub/Editor/2022.1.0b10/Editor/Data/Managed'
Mono path[1] = 'C:/Program Files/Unity/Hub/Editor/2022.1.0b10/Editor/Data/MonoBleedingEdge/lib/mono/unityjit-win32'
Mono config path = 'C:/Program Files/Unity/Hub/Editor/2022.1.0b10/Editor/Data/MonoBleedingEdge/etc'
Using monoOptions --debugger-agent=transport=dt_socket,embedding=1,server=y,suspend=n,address=127.0.0.1:56924
Begin MonoManager ReloadAssembly
Registering precompiled unity dll's ...
Register platform support module: C:/Program Files/Unity/Hub/Editor/2022.1.0b10/Editor/Data/PlaybackEngines/WindowsStandaloneSupport/UnityEditor.WindowsStandalone.Extensions.dll
Registered in 0.005470 seconds.
Native extension for WindowsStandalone target not found
Refreshing native plugins compatible for Editor in 111.77 ms, found 3 plugins.
Preloading 0 native plugins for Editor in 0.00 ms.
Mono: successfully reloaded assembly
- Completed reload, in  1.228 seconds
Domain Reload Profiling:
	ReloadAssembly (1230ms)
		BeginReloadAssembly (139ms)
			ExecutionOrderSort (0ms)
			DisableScriptedObjects (0ms)
			BackupInstance (0ms)
			ReleaseScriptingObjects (0ms)
			CreateAndSetChildDomain (1ms)
		EndReloadAssembly (902ms)
			LoadAssemblies (135ms)
			RebuildTransferFunctionScriptingTraits (0ms)
			SetupTypeCache (239ms)
				TypeCache.Initialize (238ms)
					TypeCache.ScanAssembly (232ms)
				ResolveRequiredComponents (1ms)
			ReleaseScriptCaches (0ms)
			RebuildScriptCaches (60ms)
			SetupLoadedEditorAssemblies (511ms)
				LogAssemblyErrors (0ms)
				InitializePlatformSupportModulesInManaged (12ms)
				SetLoadedEditorAssemblies (12ms)
				RefreshPlugins (112ms)
				BeforeProcessingInitializeOnLoad (2ms)
				ProcessInitializeOnLoadAttributes (291ms)
				ProcessInitializeOnLoadMethodAttributes (82ms)
				AfterProcessingInitializeOnLoad (0ms)
				EditorAssembliesLoaded (0ms)
			ExecutionOrderSort2 (0ms)
			AwakeInstancesAfterBackupRestoration (0ms)
Platform modules already initialized, skipping
Registering precompiled user dll's ...
Registered in 0.005192 seconds.
Begin MonoManager ReloadAssembly
Symbol file LoadedFromMemory doesn't match image C:\Users\Noah & Luiza\Desktop\Unity parte 1\Library\PackageCache\com.unity.visualscripting@1.7.5\Editor\VisualScripting.Core\Dependencies\YamlDotNet\Unity.VisualScripting.YamlDotNet.dll
Symbol file LoadedFromMemory doesn't match image C:\Users\Noah & Luiza\Desktop\Unity parte 1\Library\PackageCache\com.unity.visualscripting@1.7.5\Editor\VisualScripting.Core\Dependencies\DotNetZip\Unity.VisualScripting.IonicZip.dll
Native extension for WindowsStandalone target not found
Refreshing native plugins compatible for Editor in 1.48 ms, found 3 plugins.
Preloading 0 native plugins for Editor in 0.00 ms.
Mono: successfully reloaded assembly
- Completed reload, in  1.739 seconds
Domain Reload Profiling:
	ReloadAssembly (1740ms)
		BeginReloadAssembly (245ms)
			ExecutionOrderSort (0ms)
			DisableScriptedObjects (10ms)
			BackupInstance (0ms)
			ReleaseScriptingObjects (0ms)
			CreateAndSetChildDomain (56ms)
		EndReloadAssembly (1300ms)
			LoadAssemblies (131ms)
			RebuildTransferFunctionScriptingTraits (0ms)
			SetupTypeCache (431ms)
				TypeCache.Initialize (424ms)
					TypeCache.ScanAssembly (413ms)
				ResolveRequiredComponents (6ms)
			ReleaseScriptCaches (1ms)
			RebuildScriptCaches (103ms)
			SetupLoadedEditorAssemblies (559ms)
				LogAssemblyErrors (0ms)
				InitializePlatformSupportModulesInManaged (8ms)
				SetLoadedEditorAssemblies (12ms)
				RefreshPlugins (2ms)
				BeforeProcessingInitializeOnLoad (109ms)
				ProcessInitializeOnLoadAttributes (379ms)
				ProcessInitializeOnLoadMethodAttributes (44ms)
				AfterProcessingInitializeOnLoad (7ms)
				EditorAssembliesLoaded (0ms)
			ExecutionOrderSort2 (0ms)
			AwakeInstancesAfterBackupRestoration (13ms)
Platform modules already initialized, skipping
========================================================================
Worker process is ready to serve import requests
Launched and connected shader compiler UnityShaderCompiler.exe after 0.05 seconds
Refreshing native plugins compatible for Editor in 2.60 ms, found 3 plugins.
Preloading 0 native plugins for Editor in 0.00 ms.
Unloading 3106 Unused Serialized files (Serialized files now loaded: 0)
Unloading 21 unused Assets / (49.6 KB). Loaded Objects now: 3571.
Memory consumption went from 479.2 MB to 479.1 MB.
Total: 8.115100 ms (FindLiveObjects: 0.715300 ms CreateObjectMapping: 0.722000 ms MarkObjects: 6.467100 ms  DeleteObjects: 0.208300 ms)

AssetImportParameters requested are different than current active one (requested -> active):
  custom:video-decoder-ogg-theora: a1e56fd34408186e4bbccfd4996cb3dc -> 
  custom:container-muxer-webm: aa71ff27fc2769a1b78a27578f13a17b -> 
  custom:container-demuxer-webm: 4f35f7cbe854078d1ac9338744f61a02 -> 
  custom:video-encoder-webm-vp8: eb34c28f22e8b96e1ab97ce403110664 -> 
  custom:audio-encoder-webm-vorbis: bf7c407c2cedff20999df2af8eb42d56 -> 
  custom:framework-win-MediaFoundation: 216162199b28c13a410421893ffa2e32 -> 
  custom:container-demuxer-ogg: 62fdf1f143b41e24485cea50d1cbac27 -> 
  custom:video-decoder-webm-vp8: 9c59270c3fd7afecdb556c50c9e8de78 -> 
  custom:audio-decoder-ogg-vorbis: bf7c407c2cedff20999df2af8eb42d56 -> 
========================================================================
Received Import Request.
  Time since last request: 95144.176429 seconds.
  path: Assets/Modelos3D/Construcoes
  artifactKey: Guid(1edeba4b8853040808b576dc3aeb15f1) Importer(815301076,1909f56bfc062723c751e8b465ee728b)
Start importing Assets/Modelos3D/Construcoes using Guid(1edeba4b8853040808b576dc3aeb15f1) Importer(815301076,1909f56bfc062723c751e8b465ee728b)  -> (artifact id: '277fe9fc29a8a9ff7853880596930b60') in 0.004276 seconds 
========================================================================
Received Import Request.
  Time since last request: 0.057497 seconds.
  path: Assets/Modelos3D/Construcoes/Apartamentos_Destruido_01.fbx
  artifactKey: Guid(4d7a2731d4050f34eabb286a3b32ad3a) Importer(815301076,1909f56bfc062723c751e8b465ee728b)
Start importing Assets/Modelos3D/Construcoes/Apartamentos_Destruido_01.fbx using Guid(4d7a2731d4050f34eabb286a3b32ad3a) Importer(815301076,1909f56bfc062723c751e8b465ee728b)  -> (artifact id: '310e115d49d44d15dc3cd630b7680106') in 0.819781 seconds 
========================================================================
Received Import Request.
  Time since last request: 0.000062 seconds.
  path: Assets/Modelos3D/Construcoes/Casa_Media_Destruido_03.fbx
  artifactKey: Guid(b0f6cea7253b7fc48a7f72ceb5f06938) Importer(815301076,1909f56bfc062723c751e8b465ee728b)
Start importing Assets/Modelos3D/Construcoes/Casa_Media_Destruido_03.fbx using Guid(b0f6cea7253b7fc48a7f72ceb5f06938) Importer(815301076,1909f56bfc062723c751e8b465ee728b)  -> (artifact id: '0d60cf1649f5c63a5b492033391e3d06') in 0.065111 seconds 
========================================================================
Received Import Request.
  Time since last request: 0.552346 seconds.
  path: Assets/Modelos3D/Construcoes/Loja_Destruido_03.fbx
  artifactKey: Guid(2ce60af90d5bc3b458345e37f3282e54) Importer(815301076,1909f56bfc062723c751e8b465ee728b)
Start importing Assets/Modelos3D/Construcoes/Loja_Destruido_03.fbx using Guid(2ce60af90d5bc3b458345e37f3282e54) Importer(815301076,1909f56bfc062723c751e8b465ee728b)  -> (artifact id: '1d4b322baafb16a32342cb8b799d7dde') in 0.084521 seconds 
========================================================================
Received Import Request.
  Time since last request: 6.148415 seconds.
  path: Assets/Modelos3D/Construcoes/Posto_Gasolina_Destruido.fbx
  artifactKey: Guid(3a88d2adf0c69c0488b3d9dac7aeac31) Importer(815301076,1909f56bfc062723c751e8b465ee728b)
Start importing Assets/Modelos3D/Construcoes/Posto_Gasolina_Destruido.fbx using Guid(3a88d2adf0c69c0488b3d9dac7aeac31) Importer(815301076,1909f56bfc062723c751e8b465ee728b)  -> (artifact id: '2a8349369d12aba69fba29fc04a6c94e') in 0.047348 seconds 
========================================================================
Received Import Request.
  Time since last request: 0.000050 seconds.
  path: Assets/Modelos3D/Construcoes/Predio_Comercial_Destruido_03.fbx
  artifactKey: Guid(f2b229a4cf7f3304a97f6f7dbac5ce76) Importer(815301076,1909f56bfc062723c751e8b465ee728b)
Start importing Assets/Modelos3D/Construcoes/Predio_Comercial_Destruido_03.fbx using Guid(f2b229a4cf7f3304a97f6f7dbac5ce76) Importer(815301076,1909f56bfc062723c751e8b465ee728b)  -> (artifact id: 'a49da808631e1d7e5324be8bd8770049') in 0.045790 seconds 
========================================================================
Received Import Request.
  Time since last request: 0.086598 seconds.
  path: Assets/Modelos3D/Construcoes/Predio_Comercial_Destruido_04.fbx
  artifactKey: Guid(0cdb702fc8e15b648b0be1a29cb3dc91) Importer(815301076,1909f56bfc062723c751e8b465ee728b)
Start importing Assets/Modelos3D/Construcoes/Predio_Comercial_Destruido_04.fbx using Guid(0cdb702fc8e15b648b0be1a29cb3dc91) Importer(815301076,1909f56bfc062723c751e8b465ee728b)  -> (artifact id: '2599e667706b4b832e1fc3786b1b240c') in 0.047513 seconds 
========================================================================
Received Import Request.
  Time since last request: 0.000049 seconds.
  path: Assets/Modelos3D/Construcoes/Predio_Comercial_Destruido_08.fbx
  artifactKey: Guid(b343ab44dadde784ea46cf045aa20e4a) Importer(815301076,1909f56bfc062723c751e8b465ee728b)
Start importing Assets/Modelos3D/Construcoes/Predio_Comercial_Destruido_08.fbx using Guid(b343ab44dadde784ea46cf045aa20e4a) Importer(815301076,1909f56bfc062723c751e8b465ee728b)  -> (artifact id: '553fb384b074f466415d21d4d498fdde') in 0.040623 seconds 
========================================================================
Received Import Request.
  Time since last request: 87.022049 seconds.
  path: Assets/Modelos3D/Construcoes/Predio_Destruido_02.fbx
  artifactKey: Guid(5a8685150ecdc344293810a8541df82d) Importer(815301076,1909f56bfc062723c751e8b465ee728b)
Start importing Assets/Modelos3D/Construcoes/Predio_Destruido_02.fbx using Guid(5a8685150ecdc344293810a8541df82d) Importer(815301076,1909f56bfc062723c751e8b465ee728b)  -> (artifact id: 'fec3ff00478c9483db3016af3a2790b4') in 0.044646 seconds 
========================================================================
Received Import Request.
  Time since last request: 0.000065 seconds.
  path: Assets/Modelos3D/Construcoes/Predio_Destruido_04.fbx
  artifactKey: Guid(b2fbafca93c599a4ea713c346cecd3f8) Importer(815301076,1909f56bfc062723c751e8b465ee728b)
Start importing Assets/Modelos3D/Construcoes/Predio_Destruido_04.fbx using Guid(b2fbafca93c599a4ea713c346cecd3f8) Importer(815301076,1909f56bfc062723c751e8b465ee728b)  -> (artifact id: '4a86fffca2049410bc28117f297d0ddb') in 0.044576 seconds 
========================================================================
Received Import Request.
  Time since last request: 0.000051 seconds.
  path: Assets/Modelos3D/Construcoes/Restaurante_Destruido.fbx
  artifactKey: Guid(82fa5e123900c464ea14c0753dc38631) Importer(815301076,1909f56bfc062723c751e8b465ee728b)
Start importing Assets/Modelos3D/Construcoes/Restaurante_Destruido.fbx using Guid(82fa5e123900c464ea14c0753dc38631) Importer(815301076,1909f56bfc062723c751e8b465ee728b)  -> (artifact id: '6dbe7ea15f726e12f53a47e8700085f2') in 0.045328 seconds 
========================================================================
Received Import Request.
  Time since last request: 0.000059 seconds.
  path: Assets/Modelos3D/Construcoes/Restaurante.fbx
  artifactKey: Guid(d1d0006e20787d24794e104ac29c8e5a) Importer(815301076,1909f56bfc062723c751e8b465ee728b)
Start importing Assets/Modelos3D/Construcoes/Restaurante.fbx using Guid(d1d0006e20787d24794e104ac29c8e5a) Importer(815301076,1909f56bfc062723c751e8b465ee728b)  -> (artifact id: 'd4f1747ea52b299ff2887843b5793a91') in 0.022204 seconds 
========================================================================
Received Import Request.
  Time since last request: 2.676616 seconds.
  path: Assets/Modelos3D/Construcoes/Trailer_Destruido.fbx
  artifactKey: Guid(8026222f337b8a04e9d9e463fe647931) Importer(815301076,1909f56bfc062723c751e8b465ee728b)
Start importing Assets/Modelos3D/Construcoes/Trailer_Destruido.fbx using Guid(8026222f337b8a04e9d9e463fe647931) Importer(815301076,1909f56bfc062723c751e8b465ee728b)  -> (artifact id: 'c497f59aa7401ba99984e41ec8e23ebd') in 0.032679 seconds 
Editor requested this worker to shutdown with reason: Scaling down because of idle timeout
AssetImportWorker is now disconnected from the server
Process exiting
Exiting without the bug reporter. Application will terminate with return code 0