Using pre-set license
Built from '2022.1/staging' branch; Version is '2022.1.0b10 (ae8cd2bb2a22) revision 11439314'; Using compiler version '192829333'; Build Type 'Release'
OS: 'Windows 11  (10.0.22000) 64bit Professional' Language: 'pt' Physical Memory: 16312 MB
BatchMode: 1, IsHumanControllingUs: 0, StartBugReporterOnCrash: 0, Is64bit: 1, IsPro: 1

COMMAND LINE ARGUMENTS:
C:\Program Files\Unity\Hub\Editor\2022.1.0b10\Editor\Unity.exe
-adb2
-batchMode
-noUpm
-name
AssetImportWorker4
-projectPath
C:/Users/Noah & Luiza/Desktop/Unity parte 1
-logFile
Logs/AssetImportWorker4.log
-srvPort
58128
Successfully changed project path to: C:/Users/Noah & Luiza/Desktop/Unity parte 1
C:/Users/Noah & Luiza/Desktop/Unity parte 1
[UnityMemory] Configuration Parameters - Can be set up in boot.config
    "memorysetup-bucket-allocator-granularity=16"
    "memorysetup-bucket-allocator-bucket-count=8"
    "memorysetup-bucket-allocator-block-size=33554432"
    "memorysetup-bucket-allocator-block-count=8"
    "memorysetup-main-allocator-block-size=16777216"
    "memorysetup-thread-allocator-block-size=16777216"
    "memorysetup-gfx-main-allocator-block-size=16777216"
    "memorysetup-gfx-thread-allocator-block-size=16777216"
    "memorysetup-cache-allocator-block-size=4194304"
    "memorysetup-typetree-allocator-block-size=2097152"
    "memorysetup-profiler-bucket-allocator-granularity=16"
    "memorysetup-profiler-bucket-allocator-bucket-count=8"
    "memorysetup-profiler-bucket-allocator-block-size=33554432"
    "memorysetup-profiler-bucket-allocator-block-count=8"
    "memorysetup-profiler-allocator-block-size=16777216"
    "memorysetup-profiler-editor-allocator-block-size=1048576"
    "memorysetup-temp-allocator-size-main=16777216"
    "memorysetup-job-temp-allocator-block-size=2097152"
    "memorysetup-job-temp-allocator-block-size-background=1048576"
    "memorysetup-job-temp-allocator-reduction-small-platforms=262144"
    "memorysetup-temp-allocator-size-background-worker=32768"
    "memorysetup-temp-allocator-size-job-worker=262144"
    "memorysetup-temp-allocator-size-preload-manager=33554432"
    "memorysetup-temp-allocator-size-nav-mesh-worker=65536"
    "memorysetup-temp-allocator-size-audio-worker=65536"
    "memorysetup-temp-allocator-size-cloud-worker=32768"
    "memorysetup-temp-allocator-size-gi-baking-worker=262144"
    "memorysetup-temp-allocator-size-gfx=262144"
Refreshing native plugins compatible for Editor in 105.30 ms, found 3 plugins.
Preloading 0 native plugins for Editor in 0.00 ms.
Initialize engine version: 2022.1.0b10 (ae8cd2bb2a22)
[Subsystems] Discovering subsystems at path C:/Program Files/Unity/Hub/Editor/2022.1.0b10/Editor/Data/Resources/UnitySubsystems
[Subsystems] Discovering subsystems at path C:/Users/Noah & Luiza/Desktop/Unity parte 1/Assets
GfxDevice: creating device client; threaded=0; jobified=0
Direct3D:
    Version:  Direct3D 11.0 [level 11.1]
    Renderer: NVIDIA GeForce RTX 2060 (ID=0x1f08)
    Vendor:   NVIDIA
    VRAM:     5980 MB
    Driver:   27.21.14.5671
Initialize mono
Mono path[0] = 'C:/Program Files/Unity/Hub/Editor/2022.1.0b10/Editor/Data/Managed'
Mono path[1] = 'C:/Program Files/Unity/Hub/Editor/2022.1.0b10/Editor/Data/MonoBleedingEdge/lib/mono/unityjit-win32'
Mono config path = 'C:/Program Files/Unity/Hub/Editor/2022.1.0b10/Editor/Data/MonoBleedingEdge/etc'
Using monoOptions --debugger-agent=transport=dt_socket,embedding=1,server=y,suspend=n,address=127.0.0.1:56312
Begin MonoManager ReloadAssembly
Registering precompiled unity dll's ...
Register platform support module: C:/Program Files/Unity/Hub/Editor/2022.1.0b10/Editor/Data/PlaybackEngines/WindowsStandaloneSupport/UnityEditor.WindowsStandalone.Extensions.dll
Registered in 0.005644 seconds.
Native extension for WindowsStandalone target not found
Refreshing native plugins compatible for Editor in 107.06 ms, found 3 plugins.
Preloading 0 native plugins for Editor in 0.00 ms.
Mono: successfully reloaded assembly
- Completed reload, in  1.145 seconds
Domain Reload Profiling:
	ReloadAssembly (1146ms)
		BeginReloadAssembly (138ms)
			ExecutionOrderSort (0ms)
			DisableScriptedObjects (0ms)
			BackupInstance (0ms)
			ReleaseScriptingObjects (0ms)
			CreateAndSetChildDomain (1ms)
		EndReloadAssembly (823ms)
			LoadAssemblies (135ms)
			RebuildTransferFunctionScriptingTraits (0ms)
			SetupTypeCache (226ms)
				TypeCache.Initialize (225ms)
					TypeCache.ScanAssembly (220ms)
				ResolveRequiredComponents (1ms)
			ReleaseScriptCaches (0ms)
			RebuildScriptCaches (56ms)
			SetupLoadedEditorAssemblies (455ms)
				LogAssemblyErrors (0ms)
				InitializePlatformSupportModulesInManaged (12ms)
				SetLoadedEditorAssemblies (13ms)
				RefreshPlugins (107ms)
				BeforeProcessingInitializeOnLoad (2ms)
				ProcessInitializeOnLoadAttributes (242ms)
				ProcessInitializeOnLoadMethodAttributes (78ms)
				AfterProcessingInitializeOnLoad (0ms)
				EditorAssembliesLoaded (0ms)
			ExecutionOrderSort2 (0ms)
			AwakeInstancesAfterBackupRestoration (0ms)
Platform modules already initialized, skipping
Registering precompiled user dll's ...
Registered in 0.005146 seconds.
Begin MonoManager ReloadAssembly
Symbol file LoadedFromMemory doesn't match image C:\Users\Noah & Luiza\Desktop\Unity parte 1\Library\PackageCache\com.unity.visualscripting@1.7.5\Editor\VisualScripting.Core\Dependencies\YamlDotNet\Unity.VisualScripting.YamlDotNet.dll
Symbol file LoadedFromMemory doesn't match image C:\Users\Noah & Luiza\Desktop\Unity parte 1\Library\PackageCache\com.unity.visualscripting@1.7.5\Editor\VisualScripting.Core\Dependencies\DotNetZip\Unity.VisualScripting.IonicZip.dll
Native extension for WindowsStandalone target not found
Refreshing native plugins compatible for Editor in 1.67 ms, found 3 plugins.
Preloading 0 native plugins for Editor in 0.00 ms.
Mono: successfully reloaded assembly
- Completed reload, in  1.707 seconds
Domain Reload Profiling:
	ReloadAssembly (1709ms)
		BeginReloadAssembly (229ms)
			ExecutionOrderSort (0ms)
			DisableScriptedObjects (9ms)
			BackupInstance (0ms)
			ReleaseScriptingObjects (0ms)
			CreateAndSetChildDomain (54ms)
		EndReloadAssembly (1286ms)
			LoadAssemblies (140ms)
			RebuildTransferFunctionScriptingTraits (0ms)
			SetupTypeCache (422ms)
				TypeCache.Initialize (415ms)
					TypeCache.ScanAssembly (404ms)
				ResolveRequiredComponents (7ms)
			ReleaseScriptCaches (1ms)
			RebuildScriptCaches (98ms)
			SetupLoadedEditorAssemblies (561ms)
				LogAssemblyErrors (0ms)
				InitializePlatformSupportModulesInManaged (8ms)
				SetLoadedEditorAssemblies (12ms)
				RefreshPlugins (2ms)
				BeforeProcessingInitializeOnLoad (108ms)
				ProcessInitializeOnLoadAttributes (380ms)
				ProcessInitializeOnLoadMethodAttributes (45ms)
				AfterProcessingInitializeOnLoad (7ms)
				EditorAssembliesLoaded (0ms)
			ExecutionOrderSort2 (0ms)
			AwakeInstancesAfterBackupRestoration (13ms)
Platform modules already initialized, skipping
========================================================================
Worker process is ready to serve import requests
Launched and connected shader compiler UnityShaderCompiler.exe after 0.06 seconds
Refreshing native plugins compatible for Editor in 1.53 ms, found 3 plugins.
Preloading 0 native plugins for Editor in 0.00 ms.
Unloading 3106 Unused Serialized files (Serialized files now loaded: 0)
Unloading 21 unused Assets / (49.9 KB). Loaded Objects now: 3571.
Memory consumption went from 479.1 MB to 479.0 MB.
Total: 6.434200 ms (FindLiveObjects: 0.533100 ms CreateObjectMapping: 0.577700 ms MarkObjects: 5.148700 ms  DeleteObjects: 0.172100 ms)

AssetImportParameters requested are different than current active one (requested -> active):
  custom:video-decoder-ogg-theora: a1e56fd34408186e4bbccfd4996cb3dc -> 
  custom:container-muxer-webm: aa71ff27fc2769a1b78a27578f13a17b -> 
  custom:container-demuxer-webm: 4f35f7cbe854078d1ac9338744f61a02 -> 
  custom:video-encoder-webm-vp8: eb34c28f22e8b96e1ab97ce403110664 -> 
  custom:audio-encoder-webm-vorbis: bf7c407c2cedff20999df2af8eb42d56 -> 
  custom:framework-win-MediaFoundation: 216162199b28c13a410421893ffa2e32 -> 
  custom:container-demuxer-ogg: 62fdf1f143b41e24485cea50d1cbac27 -> 
  custom:video-decoder-webm-vp8: 9c59270c3fd7afecdb556c50c9e8de78 -> 
  custom:audio-decoder-ogg-vorbis: bf7c407c2cedff20999df2af8eb42d56 -> 
========================================================================
Received Import Request.
  Time since last request: 95908.374451 seconds.
  path: Assets/Materiais
  artifactKey: Guid(2b8d1d230191d481caf34af5c92e586f) Importer(815301076,1909f56bfc062723c751e8b465ee728b)
Start importing Assets/Materiais using Guid(2b8d1d230191d481caf34af5c92e586f) Importer(815301076,1909f56bfc062723c751e8b465ee728b)  -> (artifact id: 'a9561fc4c9d8478e9ed59ce482a85bc1') in 0.004897 seconds 
========================================================================
Received Import Request.
  Time since last request: 4.363112 seconds.
  path: Assets
  artifactKey: Guid(00000000000000001000000000000000) Importer(815301076,1909f56bfc062723c751e8b465ee728b)
Start importing Assets using Guid(00000000000000001000000000000000) Importer(815301076,1909f56bfc062723c751e8b465ee728b)  -> (artifact id: '643dbe22ecb75e7bba7c4df53f6b1cbf') in 0.002278 seconds 
========================================================================
Received Import Request.
  Time since last request: 41.335402 seconds.
  path: Assets/Texturas/Cenario.png
  artifactKey: Guid(4ff1af79d71131d4baa930635e93b073) Importer(815301076,1909f56bfc062723c751e8b465ee728b)
Start importing Assets/Texturas/Cenario.png using Guid(4ff1af79d71131d4baa930635e93b073) Importer(815301076,1909f56bfc062723c751e8b465ee728b)  -> (artifact id: '2bf67b81a035c3fb01614896da65fca5') in 0.128417 seconds 
========================================================================
Received Import Request.
  Time since last request: 0.000056 seconds.
  path: Assets/Texturas/Personagens/Personagem_Empresario.png
  artifactKey: Guid(6ab68334279b7a44caf244340a714929) Importer(815301076,1909f56bfc062723c751e8b465ee728b)
Start importing Assets/Texturas/Personagens/Personagem_Empresario.png using Guid(6ab68334279b7a44caf244340a714929) Importer(815301076,1909f56bfc062723c751e8b465ee728b)  -> (artifact id: 'b9acc8f1307b4057a3805a64ee40b095') in 0.019564 seconds 
========================================================================
Received Import Request.
  Time since last request: 0.000055 seconds.
  path: Assets/Texturas/Personagens/Personagem_Cacador.png
  artifactKey: Guid(86f4eb568f641bc4caf79cb6beca8739) Importer(815301076,1909f56bfc062723c751e8b465ee728b)
Start importing Assets/Texturas/Personagens/Personagem_Cacador.png using Guid(86f4eb568f641bc4caf79cb6beca8739) Importer(815301076,1909f56bfc062723c751e8b465ee728b)  -> (artifact id: '3091bb6a0d4aa41556fac59ce5d862e2') in 0.016318 seconds 
========================================================================
Received Import Request.
  Time since last request: 0.000040 seconds.
  path: Assets/Texturas/Corpos/Corpo_04.png
  artifactKey: Guid(9e44986f16c307f45b80d0c9d282299b) Importer(815301076,1909f56bfc062723c751e8b465ee728b)
Start importing Assets/Texturas/Corpos/Corpo_04.png using Guid(9e44986f16c307f45b80d0c9d282299b) Importer(815301076,1909f56bfc062723c751e8b465ee728b)  -> (artifact id: '2e88fad9452c1f7334d719bf28983597') in 0.015708 seconds 
========================================================================
Received Import Request.
  Time since last request: 6.254220 seconds.
  path: Assets/Texturas/Personagens/Personagem_Explorador.png
  artifactKey: Guid(383281580c79a0e4e8408a9afe11ad43) Importer(815301076,1909f56bfc062723c751e8b465ee728b)
Start importing Assets/Texturas/Personagens/Personagem_Explorador.png using Guid(383281580c79a0e4e8408a9afe11ad43) Importer(815301076,1909f56bfc062723c751e8b465ee728b)  -> (artifact id: '66f2e67ec6f8326a14aa106d3c45c728') in 0.021255 seconds 
========================================================================
Received Import Request.
  Time since last request: 1.764014 seconds.
  path: Assets/Texturas/Personagens/Personagem_Heroina.png
  artifactKey: Guid(4b6f9006b34de554a8befd39aabad463) Importer(815301076,1909f56bfc062723c751e8b465ee728b)
Start importing Assets/Texturas/Personagens/Personagem_Heroina.png using Guid(4b6f9006b34de554a8befd39aabad463) Importer(815301076,1909f56bfc062723c751e8b465ee728b)  -> (artifact id: '642f1642f89b008dec080ba06a09cee3') in 0.020311 seconds 
========================================================================
Received Import Request.
  Time since last request: 0.116614 seconds.
  path: Assets/Texturas/Personagens/Personagem_HomemSobrevivente01.png
  artifactKey: Guid(057d23c98cc0d1a4da8787538aaff79c) Importer(815301076,1909f56bfc062723c751e8b465ee728b)
Start importing Assets/Texturas/Personagens/Personagem_HomemSobrevivente01.png using Guid(057d23c98cc0d1a4da8787538aaff79c) Importer(815301076,1909f56bfc062723c751e8b465ee728b)  -> (artifact id: '2e925a51f49b575d1e582b9a736bfa52') in 0.020200 seconds 
========================================================================
Received Import Request.
  Time since last request: 1.145173 seconds.
  path: Assets/Texturas/Personagens/Personagem_HomemSobrevivente02_V2.png
  artifactKey: Guid(95b6dca51cbcec540892f30f6223ade3) Importer(815301076,1909f56bfc062723c751e8b465ee728b)
Start importing Assets/Texturas/Personagens/Personagem_HomemSobrevivente02_V2.png using Guid(95b6dca51cbcec540892f30f6223ade3) Importer(815301076,1909f56bfc062723c751e8b465ee728b)  -> (artifact id: 'e4e3f11db27fb597af699b4345ea9e64') in 0.017927 seconds 
========================================================================
Received Import Request.
  Time since last request: 0.100886 seconds.
  path: Assets/Texturas/Personagens/Personagem_Machucado.png
  artifactKey: Guid(9c7d73dc97fa3ac479bb5566b72934ed) Importer(815301076,1909f56bfc062723c751e8b465ee728b)
Start importing Assets/Texturas/Personagens/Personagem_Machucado.png using Guid(9c7d73dc97fa3ac479bb5566b72934ed) Importer(815301076,1909f56bfc062723c751e8b465ee728b)  -> (artifact id: '0ea1bae2639e016afd5e4a8efd900ff0') in 0.020530 seconds 
========================================================================
Received Import Request.
  Time since last request: 1.079684 seconds.
  path: Assets/Texturas/Personagens/Personagem_MulherCasaco.png
  artifactKey: Guid(81bb6eebd77ca8740871286163284682) Importer(815301076,1909f56bfc062723c751e8b465ee728b)
Start importing Assets/Texturas/Personagens/Personagem_MulherCasaco.png using Guid(81bb6eebd77ca8740871286163284682) Importer(815301076,1909f56bfc062723c751e8b465ee728b)  -> (artifact id: 'd87b6ef5b7f4a9329ec01de6ea7bbd6d') in 0.021478 seconds 
========================================================================
Received Import Request.
  Time since last request: 0.047259 seconds.
  path: Assets/Texturas/Personagens/Personagem_Perigo.png
  artifactKey: Guid(21e40fdb214d593449474fa30aa5b59d) Importer(815301076,1909f56bfc062723c751e8b465ee728b)
Start importing Assets/Texturas/Personagens/Personagem_Perigo.png using Guid(21e40fdb214d593449474fa30aa5b59d) Importer(815301076,1909f56bfc062723c751e8b465ee728b)  -> (artifact id: 'de46d73e05fbc70f0a9ea6a292030924') in 0.032531 seconds 
========================================================================
Received Import Request.
  Time since last request: 0.312912 seconds.
  path: Assets/Texturas/Personagens/Personagem_Prisioneiro.png
  artifactKey: Guid(16a726b848593954c95418d0d4218104) Importer(815301076,1909f56bfc062723c751e8b465ee728b)
Start importing Assets/Texturas/Personagens/Personagem_Prisioneiro.png using Guid(16a726b848593954c95418d0d4218104) Importer(815301076,1909f56bfc062723c751e8b465ee728b)  -> (artifact id: 'a7ee6d3d86c824a55c2adfb07940d098') in 0.017763 seconds 
========================================================================
Received Import Request.
  Time since last request: 0.410056 seconds.
  path: Assets/Texturas/Personagens/Personagem_Sobrevivente01.png
  artifactKey: Guid(dcd57a549b2501e40bbc1de824fe3ab3) Importer(815301076,1909f56bfc062723c751e8b465ee728b)
Start importing Assets/Texturas/Personagens/Personagem_Sobrevivente01.png using Guid(dcd57a549b2501e40bbc1de824fe3ab3) Importer(815301076,1909f56bfc062723c751e8b465ee728b)  -> (artifact id: 'd715938bf877f919eecdd8e0cb337e00') in 0.026122 seconds 
========================================================================
Received Import Request.
  Time since last request: 0.047834 seconds.
  path: Assets/Texturas/Personagens/Personagem_SobreviventeExperiente.png
  artifactKey: Guid(b421bc4f19e69e1409583990dd5471cb) Importer(815301076,1909f56bfc062723c751e8b465ee728b)
Start importing Assets/Texturas/Personagens/Personagem_SobreviventeExperiente.png using Guid(b421bc4f19e69e1409583990dd5471cb) Importer(815301076,1909f56bfc062723c751e8b465ee728b)  -> (artifact id: 'af3874cb1f89a7f46898d453258c83ee') in 0.018989 seconds 
========================================================================
Received Import Request.
  Time since last request: 3.325999 seconds.
  path: Assets/Texturas/Zumbis/Zumbi_AtendenteLoja.png
  artifactKey: Guid(317df323758af614cbad2150890261f4) Importer(815301076,1909f56bfc062723c751e8b465ee728b)
Start importing Assets/Texturas/Zumbis/Zumbi_AtendenteLoja.png using Guid(317df323758af614cbad2150890261f4) Importer(815301076,1909f56bfc062723c751e8b465ee728b)  -> (artifact id: 'dd568944b7fb86a209d7e0d2f74ea7f4') in 0.018210 seconds 
========================================================================
Received Import Request.
  Time since last request: 0.180052 seconds.
  path: Assets/Texturas/Zumbis/Zumbi_Bombeiro.png
  artifactKey: Guid(2d2be3f73ff1c504098b7ba60bbef03f) Importer(815301076,1909f56bfc062723c751e8b465ee728b)
Start importing Assets/Texturas/Zumbis/Zumbi_Bombeiro.png using Guid(2d2be3f73ff1c504098b7ba60bbef03f) Importer(815301076,1909f56bfc062723c751e8b465ee728b)  -> (artifact id: 'cd68a49068f721c4110d5327c7b62208') in 0.026158 seconds 
========================================================================
Received Import Request.
  Time since last request: 1.548909 seconds.
  path: Assets/Texturas/Zumbis/Zumbi_CarregadorDeMalas.png
  artifactKey: Guid(5b1a62cd5a3d90e48b501d5c4dacbf3c) Importer(815301076,1909f56bfc062723c751e8b465ee728b)
Start importing Assets/Texturas/Zumbis/Zumbi_CarregadorDeMalas.png using Guid(5b1a62cd5a3d90e48b501d5c4dacbf3c) Importer(815301076,1909f56bfc062723c751e8b465ee728b)  -> (artifact id: '71ca24d94c180258c4b9542adc3e1d27') in 0.026247 seconds 
========================================================================
Received Import Request.
  Time since last request: 0.366100 seconds.
  path: Assets/Texturas/Zumbis/Zumbi_Corredor.png
  artifactKey: Guid(ba1cf622a738afa45aa3ca1880f2b526) Importer(815301076,1909f56bfc062723c751e8b465ee728b)
Start importing Assets/Texturas/Zumbis/Zumbi_Corredor.png using Guid(ba1cf622a738afa45aa3ca1880f2b526) Importer(815301076,1909f56bfc062723c751e8b465ee728b)  -> (artifact id: 'a1c55f52a4b5e66496041f61d282c0af') in 0.026946 seconds 
========================================================================
Received Import Request.
  Time since last request: 0.594302 seconds.
  path: Assets/Texturas/Zumbis/Zumbi_Fazendeiro.png
  artifactKey: Guid(5cf46a2ed0940cd44bddca4d3288de18) Importer(815301076,1909f56bfc062723c751e8b465ee728b)
Start importing Assets/Texturas/Zumbis/Zumbi_Fazendeiro.png using Guid(5cf46a2ed0940cd44bddca4d3288de18) Importer(815301076,1909f56bfc062723c751e8b465ee728b)  -> (artifact id: '4aae99e93b90c87178734e6a98195f3e') in 0.017795 seconds 
========================================================================
Received Import Request.
  Time since last request: 0.023907 seconds.
  path: Assets/Texturas/Zumbis/Zumbi_Industrial.png
  artifactKey: Guid(82d43dfe81ee77b4e99e0d980acc78b5) Importer(815301076,1909f56bfc062723c751e8b465ee728b)
Start importing Assets/Texturas/Zumbis/Zumbi_Industrial.png using Guid(82d43dfe81ee77b4e99e0d980acc78b5) Importer(815301076,1909f56bfc062723c751e8b465ee728b)  -> (artifact id: '4043bc07e3f2bce9bf4eb6435dbc357d') in 0.017777 seconds 
========================================================================
Received Import Request.
  Time since last request: 0.790009 seconds.
  path: Assets/Texturas/Zumbis/Zumbi_JogadorDeFutebol.png
  artifactKey: Guid(c769cd85783d6fe45958147ae83e8562) Importer(815301076,1909f56bfc062723c751e8b465ee728b)
Start importing Assets/Texturas/Zumbis/Zumbi_JogadorDeFutebol.png using Guid(c769cd85783d6fe45958147ae83e8562) Importer(815301076,1909f56bfc062723c751e8b465ee728b)  -> (artifact id: 'e9d121c272a6f79fa0b40fff473e8833') in 0.024801 seconds 
========================================================================
Received Import Request.
  Time since last request: 0.026335 seconds.
  path: Assets/Texturas/Zumbis/Zumbi_LiderDeTorcida.png
  artifactKey: Guid(969b8499de92f7d41839e687f672f69e) Importer(815301076,1909f56bfc062723c751e8b465ee728b)
Start importing Assets/Texturas/Zumbis/Zumbi_LiderDeTorcida.png using Guid(969b8499de92f7d41839e687f672f69e) Importer(815301076,1909f56bfc062723c751e8b465ee728b)  -> (artifact id: 'ec18ad62c340228a80b667091a6572c0') in 0.023534 seconds 
========================================================================
Received Import Request.
  Time since last request: 0.847309 seconds.
  path: Assets/Texturas/Zumbis/Zumbi_MoradorDeAreaLivre.png
  artifactKey: Guid(3e539d58882693c4d942ebafb87f42c6) Importer(815301076,1909f56bfc062723c751e8b465ee728b)
Start importing Assets/Texturas/Zumbis/Zumbi_MoradorDeAreaLivre.png using Guid(3e539d58882693c4d942ebafb87f42c6) Importer(815301076,1909f56bfc062723c751e8b465ee728b)  -> (artifact id: 'e09b03d7b8effd880eb87a250642900b') in 0.024000 seconds 
========================================================================
Received Import Request.
  Time since last request: 0.386099 seconds.
  path: Assets/Texturas/Zumbis/Zumbi_Palhaco.png
  artifactKey: Guid(9f5f0c12c3d927c45a333361dcfcd5aa) Importer(815301076,1909f56bfc062723c751e8b465ee728b)
Start importing Assets/Texturas/Zumbis/Zumbi_Palhaco.png using Guid(9f5f0c12c3d927c45a333361dcfcd5aa) Importer(815301076,1909f56bfc062723c751e8b465ee728b)  -> (artifact id: '3f3a6f4104bdae3bb63f852709c904c6') in 0.026114 seconds 
========================================================================
Received Import Request.
  Time since last request: 0.387564 seconds.
  path: Assets/Texturas/Zumbis/Zumbi_Piloto.png
  artifactKey: Guid(da80cb659c328474390b7170f6f7d103) Importer(815301076,1909f56bfc062723c751e8b465ee728b)
Start importing Assets/Texturas/Zumbis/Zumbi_Piloto.png using Guid(da80cb659c328474390b7170f6f7d103) Importer(815301076,1909f56bfc062723c751e8b465ee728b)  -> (artifact id: '72192c3749cb64c74cc357f3aed060f7') in 0.017324 seconds 
========================================================================
Received Import Request.
  Time since last request: 0.365610 seconds.
  path: Assets/Texturas/Zumbis/Zumbi_Prisioneiro.png
  artifactKey: Guid(774e0564891577d47a64e0210e504945) Importer(815301076,1909f56bfc062723c751e8b465ee728b)
Start importing Assets/Texturas/Zumbis/Zumbi_Prisioneiro.png using Guid(774e0564891577d47a64e0210e504945) Importer(815301076,1909f56bfc062723c751e8b465ee728b)  -> (artifact id: '2b9a3a8e0636a433669f300189798487') in 0.029091 seconds 
========================================================================
Received Import Request.
  Time since last request: 1.174252 seconds.
  path: Assets/Texturas/Zumbis/Zumbi_Soldado.png
  artifactKey: Guid(b8237dc3eb59cd84ebcec6966e6b9afd) Importer(815301076,1909f56bfc062723c751e8b465ee728b)
Start importing Assets/Texturas/Zumbis/Zumbi_Soldado.png using Guid(b8237dc3eb59cd84ebcec6966e6b9afd) Importer(815301076,1909f56bfc062723c751e8b465ee728b)  -> (artifact id: 'c07a5600fb40280aeb417020145ed040') in 0.030883 seconds 
========================================================================
Received Import Request.
  Time since last request: 0.452152 seconds.
  path: Assets/Texturas/Zumbis/Zumbi_Turista.png
  artifactKey: Guid(2441c01cc2e9a7b43b07333cc5fbb85f) Importer(815301076,1909f56bfc062723c751e8b465ee728b)
Start importing Assets/Texturas/Zumbis/Zumbi_Turista.png using Guid(2441c01cc2e9a7b43b07333cc5fbb85f) Importer(815301076,1909f56bfc062723c751e8b465ee728b)  -> (artifact id: '37fcf43e490674bd7481d4bb1570dcc0') in 0.016291 seconds 
========================================================================
Received Import Request.
  Time since last request: 35.582333 seconds.
  path: Assets/Texturas
  artifactKey: Guid(0be9231b04e9b4658aaefb62a1133cba) Importer(815301076,1909f56bfc062723c751e8b465ee728b)
Start importing Assets/Texturas using Guid(0be9231b04e9b4658aaefb62a1133cba) Importer(815301076,1909f56bfc062723c751e8b465ee728b)  -> (artifact id: '597f36c540e73ca4936321a828194c77') in 0.002416 seconds 
========================================================================
Received Import Request.
  Time since last request: 181.418952 seconds.
  path: Assets/Hotel_Destruido.prefab
  artifactKey: Guid(4317348eb1311884e86c3c1e74972e22) Importer(815301076,1909f56bfc062723c751e8b465ee728b)
Start importing Assets/Hotel_Destruido.prefab using Guid(4317348eb1311884e86c3c1e74972e22) Importer(815301076,1909f56bfc062723c751e8b465ee728b)  -> (artifact id: 'd86c5a6659911435fa35cacb8b9752d0') in 0.125622 seconds 
========================================================================
Received Import Request.
  Time since last request: 23.587869 seconds.
  path: Assets/Hotel_Estacionamento_Destruido.prefab
  artifactKey: Guid(52539cc0cb27f0240885193e2c5de550) Importer(815301076,1909f56bfc062723c751e8b465ee728b)
Start importing Assets/Hotel_Estacionamento_Destruido.prefab using Guid(52539cc0cb27f0240885193e2c5de550) Importer(815301076,1909f56bfc062723c751e8b465ee728b)  -> (artifact id: '6e5baf511a17479ec3c06fcc4c9b6683') in 0.019049 seconds 
========================================================================
Received Import Request.
  Time since last request: 3.688628 seconds.
  path: Assets/Hotel_Secundario_Destruido.prefab
  artifactKey: Guid(f8f89d37525570a4c922534900151934) Importer(815301076,1909f56bfc062723c751e8b465ee728b)
Start importing Assets/Hotel_Secundario_Destruido.prefab using Guid(f8f89d37525570a4c922534900151934) Importer(815301076,1909f56bfc062723c751e8b465ee728b)  -> (artifact id: '7813036782985a302454ab61f5f8355c') in 0.018310 seconds 
========================================================================
Received Import Request.
  Time since last request: 96.981473 seconds.
  path: Assets/Prefabs/Ambiente/Rua_Canto.prefab
  artifactKey: Guid(68d2e588be11c45b5bcef522aa3f7cca) Importer(815301076,1909f56bfc062723c751e8b465ee728b)
Start importing Assets/Prefabs/Ambiente/Rua_Canto.prefab using Guid(68d2e588be11c45b5bcef522aa3f7cca) Importer(815301076,1909f56bfc062723c751e8b465ee728b)  -> (artifact id: 'b16442378e80f8c3e06932d02feecae3') in 0.025708 seconds 
